1 52
2 115
3 186
4 87
5 104
6 126
7 219
8 185
9 131
10 105
11 200
12 21
13 113
14 251
15 145
16 75
17 232
18 60
19 39
20 238
21 144
22 111
23 120
24 36
25 122
26 211
27 229
28 35
29 190
30 171
31 102
32 61
33 237
34 43
35 37
36 172
37 214
38 65
39 199
40 6
41 84
42 89
43 223
44 96
45 25
46 230
47 94
48 59
49 248
50 11
51 208
52 71
53 132
54 155
55 38
56 90
57 178
58 82
59 86
60 81
61 70
62 48
63 13
64 110
65 121
66 31
67 34
68 136
69 128
70 209
71 194
72 218
73 148
74 146
75 149
76 135
77 58
78 212
79 77
80 30
81 100
82 85
83 40
84 69
85 125
86 154
87 108
88 47
89 17
90 140
91 51
92 10
93 256
94 4
95 225
96 74
97 162
98 245
99 203
100 33
101 227
102 205
103 98
104 28
105 123
106 49
107 174
108 16
109 67
110 163
111 68
112 1
113 130
114 201
115 2
116 192
117 239
118 249
119 127
120 55
121 107
122 222
123 45
124 253
125 244
126 8
127 143
128 134
129 151
130 137
131 165
132 41
133 112
134 187
135 91
136 46
137 63
138 24
139 88
140 177
141 220
142 250
143 242
144 133
145 198
146 150
147 29
148 142
149 147
150 101
151 255
152 179
153 241
154 246
155 92
156 56
157 103
158 119
159 235
160 53
161 213
162 254
163 117
164 109
165 188
166 26
167 221
168 233
169 152
170 206
171 116
172 138
173 18
174 236
175 196
176 9
177 156
178 204
179 78
180 158
181 195
182 32
183 124
184 129
185 243
186 189
187 141
188 176
189 50
190 64
191 224
192 27
193 14
194 181
195 169
196 184
197 7
198 22
199 106
200 23
201 44
202 170
203 97
204 79
205 114
206 182
207 173
208 72
209 168
210 215
211 19
212 193
213 240
214 164
215 234
216 12
217 175
218 166
219 252
220 153
221 207
222 202
223 247
224 231
225 83
226 3
227 66
228 167
229 93
230 217
231 5
232 54
233 157
234 62
235 228
236 210
237 191
238 216
239 73
240 57
241 42
242 118
243 183
244 95
245 161
246 226
247 15
248 197
249 99
250 76
251 139
252 159
253 20
254 80
255 180
256 160
